Microsoft (R) Macro Assembler Version 14.37.32825.0	    11/11/23 11:39:37
asm02.asm						     Page 1 - 1


				.586P													
				.MODEL FLAT, STDCALL									
				includelib kernel32.lib									

				ExitProcess PROTO : DWORD								
				MessageBoxA PROTO : DWORD, : DWORD, : DWORD, : DWORD	

				.STACK 4096												

 00000000			.DATA													
 00000000 00000005				a dd 5											
 00000004 00000003				b dd 3
 00000008 CD C0 C7 C2 C0			str0 db "НАЗВАНИЕ ОКНА", 0								
	   CD C8 C5 20 CE
	   CA CD C0 00
 00000016 D0 C5 C7 D3 CB			str1 db "РЕЗУЛЬТАТ = < >", 0
	   DC D2 C0 D2 20
	   3D 20 3C 20 3E
	   00


 00000000			.CODE													
 00000000			main PROC												
 00000000			start:													
 00000000  A1 00000000 R			mov eax, a
 00000005  03 05 00000004 R			add eax, b
 0000000B  83 C0 30				add eax, 30h
						
 0000000E  A2 00000023 R			mov str1+13, al									;младшая половина подрегистра
						
						invoke MessageBoxA, 0, offset str1, offset str0, 0

 00000026  6A 00				push 0											
 00000028  E8 00000000 E			call ExitProcess								

 0000002D			main ENDP												

				end main
Microsoft (R) Macro Assembler Version 14.37.32825.0	    11/11/23 11:39:37
asm02.asm						     Symbols 2 - 1




Segments and Groups:

                N a m e                 Size     Length   Align   Combine Class

FLAT . . . . . . . . . . . . . .	GROUP
STACK  . . . . . . . . . . . . .	32 Bit	 00001000 Para	  Stack	  'STACK'	 
_DATA  . . . . . . . . . . . . .	32 Bit	 00000026 Para	  Public  'DATA'	
_TEXT  . . . . . . . . . . . . .	32 Bit	 0000002D Para	  Public  'CODE'	


Procedures, parameters, and locals:

                N a m e                 Type     Value    Attr

ExitProcess  . . . . . . . . . .	P Near	 00000000 FLAT	Length= 00000000 External STDCALL
MessageBoxA  . . . . . . . . . .	P Near	 00000000 FLAT	Length= 00000000 External STDCALL
main . . . . . . . . . . . . . .	P Near	 00000000 _TEXT	Length= 0000002D Public STDCALL
  start  . . . . . . . . . . . .	L Near	 00000000 _TEXT	


Symbols:

                N a m e                 Type     Value    Attr

@CodeSize  . . . . . . . . . . .	Number	 00000000h   
@DataSize  . . . . . . . . . . .	Number	 00000000h   
@Interface . . . . . . . . . . .	Number	 00000003h   
@Model . . . . . . . . . . . . .	Number	 00000007h   
@code  . . . . . . . . . . . . .	Text   	 _TEXT
@data  . . . . . . . . . . . . .	Text   	 FLAT
@fardata?  . . . . . . . . . . .	Text   	 FLAT
@fardata . . . . . . . . . . . .	Text   	 FLAT
@stack . . . . . . . . . . . . .	Text   	 FLAT
a  . . . . . . . . . . . . . . .	DWord	 00000000 _DATA	
b  . . . . . . . . . . . . . . .	DWord	 00000004 _DATA	
str0 . . . . . . . . . . . . . .	Byte	 00000008 _DATA	
str1 . . . . . . . . . . . . . .	Byte	 00000016 _DATA	

	   0 Warnings
	   0 Errors
