Сборка начата 08.10.2023 21:21:08.
Уровень детализации журнала: Normal.     1>Проект "D:\Мои документы\_university\3_sem\AiSD\lab00\lab00.vcxproj" в узле 2 (целевые объекты Build).
     1>InitializeBuildStatus:
         Создание "x64\Debug\lab00.tlog\unsuccessfulbuild", так как было задано "AlwaysCreate".
       ClCompile:
         C:\Program Files\Microsoft Visual Studio\2022\Community\VC\Tools\MSVC\14.33.31629\bin\HostX64\x64\CL.exe /c /ZI /JMC /nologo /W3 /WX- /diagnostics:column /sdl /Od /D _DEBUG /D _CONSOLE /D _UNICODE /D UNICODE /Gm- /EHsc /RTC1 /MDd /GS /fp:precise /Zc:wchar_t /Zc:forScope /Zc:inline /permissive- /Fo"x64\Debug\\" /Fd"x64\Debug\vc143.pdb" /external:W3 /Gd /TP /FC /errorReport:prompt lab00.cpp
         lab00.cpp
     1>D:\Мои документы\_university\3_sem\AiSD\lab00\lab00.cpp(14,19): warning C4244: =: преобразование "double" в "int", возможна потеря данных
       Link:
         C:\Program Files\Microsoft Visual Studio\2022\Community\VC\Tools\MSVC\14.33.31629\bin\HostX64\x64\link.exe /ERRORREPORT:PROMPT /OUT:"D:\Мои документы\_university\3_sem\AiSD\lab00\x64\Debug\lab00.exe" /INCREMENTAL /ILK:"x64\Debug\lab00.ilk" /NOLOGO kernel32.lib user32.lib gdi32.lib winspool.lib comdlg32.lib advapi32.lib shell32.lib ole32.lib oleaut32.lib uuid.lib odbc32.lib odbccp32.lib /MANIFEST /MANIFESTUAC:"level='asInvoker' uiAccess='false'" /manifest:embed /DEBUG /PDB:"D:\Мои документы\_university\3_sem\AiSD\lab00\x64\Debug\lab00.pdb" /SUBSYSTEM:CONSOLE /TLBID:1 /DYNAMICBASE /NXCOMPAT /IMPLIB:"D:\Мои документы\_university\3_sem\AiSD\lab00\x64\Debug\lab00.lib" /MACHINE:X64 x64\Debug\lab00.obj
         lab00.vcxproj -> D:\Мои документы\_university\3_sem\AiSD\lab00\x64\Debug\lab00.exe
       FinalizeBuildStatus:
         Файл "x64\Debug\lab00.tlog\unsuccessfulbuild" удаляется.
         Обращение к "x64\Debug\lab00.tlog\lab00.lastbuildstate".
     1>Сборка проекта "D:\Мои документы\_university\3_sem\AiSD\lab00\lab00.vcxproj" завершена (целевые объекты Build).

Сборка успешно завершена.

       "D:\Мои документы\_university\3_sem\AiSD\lab00\lab00.vcxproj" (целевой объект Build ) (1) ->
       (Целевой объект ClCompile) -> 
         D:\Мои документы\_university\3_sem\AiSD\lab00\lab00.cpp(14,19): warning C4244: =: преобразование "double" в "int", возможна потеря данных

    Предупреждений: 1
    Ошибок: 0

Прошло времени 00:00:00.69
