Сборка начата 03.10.2023 14:42:19.
Уровень детализации журнала: Normal.     1>Проект "D:\Мои документы\_university\3_sem\KPO\lab14\lab14\lab14.vcxproj" в узле 2 (целевые объекты Build).
     1>InitializeBuildStatus:
         Обращение к "Debug\lab14.tlog\unsuccessfulbuild".
       ClCompile:
         C:\Program Files\Microsoft Visual Studio\2022\Community\VC\Tools\MSVC\14.33.31629\bin\HostX86\x86\CL.exe /c /ZI /JMC /nologo /W3 /WX- /diagnostics:column /sdl /Od /Oy- /D WIN32 /D _DEBUG /D _CONSOLE /D _UNICODE /D UNICODE /Gm- /EHsc /RTC1 /MDd /GS /fp:precise /Zc:wchar_t /Zc:forScope /Zc:inline /permissive- /Fo"Debug\\" /Fd"Debug\vc143.pdb" /external:W3 /Gd /TP /analyze- /FC /errorReport:prompt lab14.cpp Error.cpp In.cpp Log.cpp Out.cpp Parm.cpp
         lab14.cpp
         Error.cpp
         In.cpp
     1>D:\Мои документы\_university\3_sem\KPO\lab14\lab14\In.cpp(92,25): warning C4018: <: несоответствие типов со знаком и без знака
         Log.cpp
         Out.cpp
         Parm.cpp
         Создание кода...
       Link:
         C:\Program Files\Microsoft Visual Studio\2022\Community\VC\Tools\MSVC\14.33.31629\bin\HostX86\x86\link.exe /ERRORREPORT:PROMPT /OUT:"D:\Мои документы\_university\3_sem\KPO\lab14\Debug\lab14.exe" /INCREMENTAL /ILK:"Debug\lab14.ilk" /NOLOGO kernel32.lib user32.lib gdi32.lib winspool.lib comdlg32.lib advapi32.lib shell32.lib ole32.lib oleaut32.lib uuid.lib odbc32.lib odbccp32.lib /MANIFEST /MANIFESTUAC:"level='asInvoker' uiAccess='false'" /manifest:embed /DEBUG /PDB:"D:\Мои документы\_university\3_sem\KPO\lab14\Debug\lab14.pdb" /SUBSYSTEM:CONSOLE /TLBID:1 /DYNAMICBASE /NXCOMPAT /IMPLIB:"D:\Мои документы\_university\3_sem\KPO\lab14\Debug\lab14.lib" /MACHINE:X86 Debug\FST.obj
         Debug\lab14.obj
         Debug\Error.obj
         Debug\In.obj
         Debug\Log.obj
         Debug\Out.obj
         Debug\Parm.obj
         lab14.vcxproj -> D:\Мои документы\_university\3_sem\KPO\lab14\Debug\lab14.exe
       FinalizeBuildStatus:
         Файл "Debug\lab14.tlog\unsuccessfulbuild" удаляется.
         Обращение к "Debug\lab14.tlog\lab14.lastbuildstate".
     1>Сборка проекта "D:\Мои документы\_university\3_sem\KPO\lab14\lab14\lab14.vcxproj" завершена (целевые объекты Build).

Сборка успешно завершена.

       "D:\Мои документы\_university\3_sem\KPO\lab14\lab14\lab14.vcxproj" (целевой объект Build ) (1) ->
       (Целевой объект ClCompile) -> 
         D:\Мои документы\_university\3_sem\KPO\lab14\lab14\In.cpp(92,25): warning C4018: <: несоответствие типов со знаком и без знака

    Предупреждений: 1
    Ошибок: 0

Прошло времени 00:00:04.54
